<?xml version="1.0" encoding="UTF-8"?>
<testng-results skipped="0" failed="0" total="1" passed="1">
  <reporter-output>
  </reporter-output>
  <suite name="Default suite" duration-ms="40244" started-at="2016-02-24T18:22:25Z" finished-at="2016-02-24T18:23:06Z">
    <groups>
    </groups>
    <test name="Default test" duration-ms="40244" started-at="2016-02-24T18:22:25Z" finished-at="2016-02-24T18:23:06Z">
      <class name="Pack1.ScrollDown">
        <test-method status="PASS" signature="test()[pri:0, instance:Pack1.ScrollDown@7bfcd12c]" name="test" duration-ms="40187" started-at="2016-02-24T23:52:25Z" finished-at="2016-02-24T23:53:06Z">
          <reporter-output>
          </reporter-output>
        </test-method> <!-- test -->
      </class> <!-- Pack1.ScrollDown -->
    </test> <!-- Default test -->
  </suite> <!-- Default suite -->
</testng-results>
